  C++ Casino.cpp
c:\users\uc-m03\documents\antonio scardovi\bootcamp it - 1\c++ casino\c++ casino.cpp(155): error C3861: 'slots': identifier not found
c:\users\uc-m03\documents\antonio scardovi\bootcamp it - 1\c++ casino\c++ casino.cpp(201): error C2143: syntax error: missing ';' before '<<'
c:\users\uc-m03\documents\antonio scardovi\bootcamp it - 1\c++ casino\c++ casino.cpp(201): error C4430: missing type specifier - int assumed. Note: C++ does not support default-int
c:\users\uc-m03\documents\antonio scardovi\bootcamp it - 1\c++ casino\c++ casino.cpp(202): error C2143: syntax error: missing ';' before '>>'
c:\users\uc-m03\documents\antonio scardovi\bootcamp it - 1\c++ casino\c++ casino.cpp(202): error C4430: missing type specifier - int assumed. Note: C++ does not support default-int
c:\users\uc-m03\documents\antonio scardovi\bootcamp it - 1\c++ casino\c++ casino.cpp(203): error C4430: missing type specifier - int assumed. Note: C++ does not support default-int
c:\users\uc-m03\documents\antonio scardovi\bootcamp it - 1\c++ casino\c++ casino.cpp(203): error C2365: 'system': redefinition; previous definition was 'function'
  c:\program files (x86)\windows kits\10\include\10.0.17763.0\ucrt\stdlib.h(1218): note: see declaration of 'system'
c:\users\uc-m03\documents\antonio scardovi\bootcamp it - 1\c++ casino\c++ casino.cpp(204): error C4430: missing type specifier - int assumed. Note: C++ does not support default-int
c:\users\uc-m03\documents\antonio scardovi\bootcamp it - 1\c++ casino\c++ casino.cpp(204): error C2365: 'system': redefinition; previous definition was 'function'
  c:\program files (x86)\windows kits\10\include\10.0.17763.0\ucrt\stdlib.h(1218): note: see declaration of 'system'
c:\users\uc-m03\documents\antonio scardovi\bootcamp it - 1\c++ casino\c++ casino.cpp(206): error C2059: syntax error: 'for'
c:\users\uc-m03\documents\antonio scardovi\bootcamp it - 1\c++ casino\c++ casino.cpp(206): error C2143: syntax error: missing ')' before ';'
c:\users\uc-m03\documents\antonio scardovi\bootcamp it - 1\c++ casino\c++ casino.cpp(206): error C2143: syntax error: missing ';' before '<'
c:\users\uc-m03\documents\antonio scardovi\bootcamp it - 1\c++ casino\c++ casino.cpp(206): error C4430: missing type specifier - int assumed. Note: C++ does not support default-int
c:\users\uc-m03\documents\antonio scardovi\bootcamp it - 1\c++ casino\c++ casino.cpp(206): error C2143: syntax error: missing ';' before '++'
c:\users\uc-m03\documents\antonio scardovi\bootcamp it - 1\c++ casino\c++ casino.cpp(206): error C2086: 'int i': redefinition
  c:\users\uc-m03\documents\antonio scardovi\bootcamp it - 1\c++ casino\c++ casino.cpp(206): note: see declaration of 'i'
c:\users\uc-m03\documents\antonio scardovi\bootcamp it - 1\c++ casino\c++ casino.cpp(206): error C2059: syntax error: ')'
c:\users\uc-m03\documents\antonio scardovi\bootcamp it - 1\c++ casino\c++ casino.cpp(207): error C2143: syntax error: missing ';' before '{'
c:\users\uc-m03\documents\antonio scardovi\bootcamp it - 1\c++ casino\c++ casino.cpp(207): error C2447: '{': missing function header (old-style formal list?)
c:\users\uc-m03\documents\antonio scardovi\bootcamp it - 1\c++ casino\c++ casino.cpp(244): error C4430: missing type specifier - int assumed. Note: C++ does not support default-int
c:\users\uc-m03\documents\antonio scardovi\bootcamp it - 1\c++ casino\c++ casino.cpp(244): error C2365: 'system': redefinition; previous definition was 'function'
  c:\program files (x86)\windows kits\10\include\10.0.17763.0\ucrt\stdlib.h(1218): note: see declaration of 'system'
c:\users\uc-m03\documents\antonio scardovi\bootcamp it - 1\c++ casino\c++ casino.cpp(245): error C2143: syntax error: missing ';' before '<<'
c:\users\uc-m03\documents\antonio scardovi\bootcamp it - 1\c++ casino\c++ casino.cpp(245): error C4430: missing type specifier - int assumed. Note: C++ does not support default-int
c:\users\uc-m03\documents\antonio scardovi\bootcamp it - 1\c++ casino\c++ casino.cpp(245): error C2086: 'int cout': redefinition
  c:\users\uc-m03\documents\antonio scardovi\bootcamp it - 1\c++ casino\c++ casino.cpp(201): note: see declaration of 'cout'
c:\users\uc-m03\documents\antonio scardovi\bootcamp it - 1\c++ casino\c++ casino.cpp(247): error C2065: 'comp': undeclared identifier
c:\users\uc-m03\documents\antonio scardovi\bootcamp it - 1\c++ casino\c++ casino.cpp(248): error C2065: 'x': undeclared identifier
c:\users\uc-m03\documents\antonio scardovi\bootcamp it - 1\c++ casino\c++ casino.cpp(248): error C2065: 'player': undeclared identifier
c:\users\uc-m03\documents\antonio scardovi\bootcamp it - 1\c++ casino\c++ casino.cpp(250): error C2143: syntax error: missing ';' before '<<'
c:\users\uc-m03\documents\antonio scardovi\bootcamp it - 1\c++ casino\c++ casino.cpp(250): error C4430: missing type specifier - int assumed. Note: C++ does not support default-int
c:\users\uc-m03\documents\antonio scardovi\bootcamp it - 1\c++ casino\c++ casino.cpp(252): error C2059: syntax error: 'if'
c:\users\uc-m03\documents\antonio scardovi\bootcamp it - 1\c++ casino\c++ casino.cpp(252): error C2143: syntax error: missing ';' before '{'
c:\users\uc-m03\documents\antonio scardovi\bootcamp it - 1\c++ casino\c++ casino.cpp(252): error C2447: '{': missing function header (old-style formal list?)
c:\users\uc-m03\documents\antonio scardovi\bootcamp it - 1\c++ casino\c++ casino.cpp(255): error C2059: syntax error: 'else'
c:\users\uc-m03\documents\antonio scardovi\bootcamp it - 1\c++ casino\c++ casino.cpp(255): error C2143: syntax error: missing ';' before '{'
c:\users\uc-m03\documents\antonio scardovi\bootcamp it - 1\c++ casino\c++ casino.cpp(255): error C2447: '{': missing function header (old-style formal list?)
c:\users\uc-m03\documents\antonio scardovi\bootcamp it - 1\c++ casino\c++ casino.cpp(258): error C2059: syntax error: 'else'
c:\users\uc-m03\documents\antonio scardovi\bootcamp it - 1\c++ casino\c++ casino.cpp(258): error C2143: syntax error: missing ';' before '{'
c:\users\uc-m03\documents\antonio scardovi\bootcamp it - 1\c++ casino\c++ casino.cpp(258): error C2447: '{': missing function header (old-style formal list?)
c:\users\uc-m03\documents\antonio scardovi\bootcamp it - 1\c++ casino\c++ casino.cpp(262): error C3927: '->': trailing return type is not allowed after a non-function declarator
c:\users\uc-m03\documents\antonio scardovi\bootcamp it - 1\c++ casino\c++ casino.cpp(262): error C3484: syntax error: expected '->' before the return type
c:\users\uc-m03\documents\antonio scardovi\bootcamp it - 1\c++ casino\c++ casino.cpp(262): error C3613: missing return type after '->' ('int' assumed)
c:\users\uc-m03\documents\antonio scardovi\bootcamp it - 1\c++ casino\c++ casino.cpp(262): error C4430: missing type specifier - int assumed. Note: C++ does not support default-int
c:\users\uc-m03\documents\antonio scardovi\bootcamp it - 1\c++ casino\c++ casino.cpp(262): error C2086: 'int output': redefinition
  c:\users\uc-m03\documents\antonio scardovi\bootcamp it - 1\c++ casino\c++ casino.cpp(250): note: see declaration of 'output'
c:\users\uc-m03\documents\antonio scardovi\bootcamp it - 1\c++ casino\c++ casino.cpp(262): error C2146: syntax error: missing ';' before identifier 'close'
c:\users\uc-m03\documents\antonio scardovi\bootcamp it - 1\c++ casino\c++ casino.cpp(263): error C2059: syntax error: '}'
c:\users\uc-m03\documents\antonio scardovi\bootcamp it - 1\c++ casino\c++ casino.cpp(263): error C2143: syntax error: missing ';' before '}'
c:\users\uc-m03\documents\antonio scardovi\bootcamp it - 1\c++ casino\c++ casino.cpp(265): error C2143: syntax error: missing ';' before '{'
c:\users\uc-m03\documents\antonio scardovi\bootcamp it - 1\c++ casino\c++ casino.cpp(265): error C2447: '{': missing function header (old-style formal list?)
